<?xml version="1.0" encoding="UTF-8"?>
<testsuite xmlns:xsi="http://www.w3.org/2001/XMLSchema-instance" xsi:noNamespaceSchemaLocation="https://maven.apache.org/surefire/maven-surefire-plugin/xsd/surefire-test-report-3.0.xsd" version="3.0" name="com.n2nlab.camel.python.PythonN2NComplexScenariosTest" time="3.27" tests="2" errors="0" skipped="0" failures="0">
  <properties>
    <property name="java.specification.version" value="22"/>
    <property name="sun.cpu.isalist" value="amd64"/>
    <property name="sun.jnu.encoding" value="Cp1252"/>
    <property name="java.class.path" value="C:\Users\mahmoudxyz\Desktop\n2n-camel-components\camel-pythonN2N\target\test-classes;C:\Users\mahmoudxyz\Desktop\n2n-camel-components\camel-pythonN2N\target\classes;C:\Users\mahmoudxyz\.m2\repository\org\apache\camel\camel-support\4.8.0\camel-support-4.8.0.jar;C:\Users\mahmoudxyz\.m2\repository\org\apache\camel\camel-api\4.8.0\camel-api-4.8.0.jar;C:\Users\mahmoudxyz\.m2\repository\jakarta\xml\bind\jakarta.xml.bind-api\4.0.2\jakarta.xml.bind-api-4.0.2.jar;C:\Users\mahmoudxyz\.m2\repository\jakarta\activation\jakarta.activation-api\2.1.3\jakarta.activation-api-2.1.3.jar;C:\Users\mahmoudxyz\.m2\repository\org\apache\camel\camel-management-api\4.8.0\camel-management-api-4.8.0.jar;C:\Users\mahmoudxyz\.m2\repository\org\apache\camel\camel-util\4.8.0\camel-util-4.8.0.jar;C:\Users\mahmoudxyz\.m2\repository\org\apache\camel\camel-util-json\4.8.0\camel-util-json-4.8.0.jar;C:\Users\mahmoudxyz\.m2\repository\org\apache\camel\camel-xml-jaxp-util\4.8.0\camel-xml-jaxp-util-4.8.0.jar;C:\Users\mahmoudxyz\.m2\repository\org\apache\camel\camel-core\4.8.0\camel-core-4.8.0.jar;C:\Users\mahmoudxyz\.m2\repository\org\apache\camel\camel-core-engine\4.8.0\camel-core-engine-4.8.0.jar;C:\Users\mahmoudxyz\.m2\repository\org\apache\camel\camel-base-engine\4.8.0\camel-base-engine-4.8.0.jar;C:\Users\mahmoudxyz\.m2\repository\org\apache\camel\camel-base\4.8.0\camel-base-4.8.0.jar;C:\Users\mahmoudxyz\.m2\repository\org\apache\camel\camel-core-reifier\4.8.0\camel-core-reifier-4.8.0.jar;C:\Users\mahmoudxyz\.m2\repository\org\apache\camel\camel-core-processor\4.8.0\camel-core-processor-4.8.0.jar;C:\Users\mahmoudxyz\.m2\repository\org\apache\camel\camel-core-languages\4.8.0\camel-core-languages-4.8.0.jar;C:\Users\mahmoudxyz\.m2\repository\org\apache\camel\camel-core-model\4.8.0\camel-core-model-4.8.0.jar;C:\Users\mahmoudxyz\.m2\repository\org\apache\camel\camel-bean\4.8.0\camel-bean-4.8.0.jar;C:\Users\mahmoudxyz\.m2\repository\org\apache\camel\camel-browse\4.8.0\camel-browse-4.8.0.jar;C:\Users\mahmoudxyz\.m2\repository\org\apache\camel\camel-cluster\4.8.0\camel-cluster-4.8.0.jar;C:\Users\mahmoudxyz\.m2\repository\org\apache\camel\camel-controlbus\4.8.0\camel-controlbus-4.8.0.jar;C:\Users\mahmoudxyz\.m2\repository\org\apache\camel\camel-dataformat\4.8.0\camel-dataformat-4.8.0.jar;C:\Users\mahmoudxyz\.m2\repository\org\apache\camel\camel-dataset\4.8.0\camel-dataset-4.8.0.jar;C:\Users\mahmoudxyz\.m2\repository\org\apache\camel\camel-direct\4.8.0\camel-direct-4.8.0.jar;C:\Users\mahmoudxyz\.m2\repository\org\apache\camel\camel-file\4.8.0\camel-file-4.8.0.jar;C:\Users\mahmoudxyz\.m2\repository\commons-codec\commons-codec\1.17.1\commons-codec-1.17.1.jar;C:\Users\mahmoudxyz\.m2\repository\org\apache\camel\camel-health\4.8.0\camel-health-4.8.0.jar;C:\Users\mahmoudxyz\.m2\repository\org\apache\camel\camel-language\4.8.0\camel-language-4.8.0.jar;C:\Users\mahmoudxyz\.m2\repository\org\apache\camel\camel-log\4.8.0\camel-log-4.8.0.jar;C:\Users\mahmoudxyz\.m2\repository\org\apache\camel\camel-mock\4.8.0\camel-mock-4.8.0.jar;C:\Users\mahmoudxyz\.m2\repository\org\apache\camel\camel-ref\4.8.0\camel-ref-4.8.0.jar;C:\Users\mahmoudxyz\.m2\repository\org\apache\camel\camel-rest\4.8.0\camel-rest-4.8.0.jar;C:\Users\mahmoudxyz\.m2\repository\org\apache\camel\camel-tooling-model\4.8.0\camel-tooling-model-4.8.0.jar;C:\Users\mahmoudxyz\.m2\repository\org\apache\camel\camel-saga\4.8.0\camel-saga-4.8.0.jar;C:\Users\mahmoudxyz\.m2\repository\org\apache\camel\camel-scheduler\4.8.0\camel-scheduler-4.8.0.jar;C:\Users\mahmoudxyz\.m2\repository\org\apache\camel\camel-seda\4.8.0\camel-seda-4.8.0.jar;C:\Users\mahmoudxyz\.m2\repository\org\apache\camel\camel-stub\4.8.0\camel-stub-4.8.0.jar;C:\Users\mahmoudxyz\.m2\repository\org\apache\camel\camel-timer\4.8.0\camel-timer-4.8.0.jar;C:\Users\mahmoudxyz\.m2\repository\org\apache\camel\camel-validator\4.8.0\camel-validator-4.8.0.jar;C:\Users\mahmoudxyz\.m2\repository\org\apache\camel\camel-xpath\4.8.0\camel-xpath-4.8.0.jar;C:\Users\mahmoudxyz\.m2\repository\org\apache\camel\camel-xslt\4.8.0\camel-xslt-4.8.0.jar;C:\Users\mahmoudxyz\.m2\repository\org\apache\camel\camel-xml-io\4.8.0\camel-xml-io-4.8.0.jar;C:\Users\mahmoudxyz\.m2\repository\org\apache\camel\camel-xml-io-util\4.8.0\camel-xml-io-util-4.8.0.jar;C:\Users\mahmoudxyz\.m2\repository\org\apache\camel\camel-xml-jaxb\4.8.0\camel-xml-jaxb-4.8.0.jar;C:\Users\mahmoudxyz\.m2\repository\org\glassfish\jaxb\jaxb-runtime\4.0.5\jaxb-runtime-4.0.5.jar;C:\Users\mahmoudxyz\.m2\repository\org\glassfish\jaxb\jaxb-core\4.0.5\jaxb-core-4.0.5.jar;C:\Users\mahmoudxyz\.m2\repository\org\eclipse\angus\angus-activation\2.0.2\angus-activation-2.0.2.jar;C:\Users\mahmoudxyz\.m2\repository\org\glassfish\jaxb\txw2\4.0.5\txw2-4.0.5.jar;C:\Users\mahmoudxyz\.m2\repository\com\sun\istack\istack-commons-runtime\4.1.2\istack-commons-runtime-4.1.2.jar;C:\Users\mahmoudxyz\.m2\repository\org\apache\camel\camel-xml-jaxp\4.8.0\camel-xml-jaxp-4.8.0.jar;C:\Users\mahmoudxyz\.m2\repository\org\apache\camel\camel-yaml-io\4.8.0\camel-yaml-io-4.8.0.jar;C:\Users\mahmoudxyz\.m2\repository\org\apache\camel\camel-core-catalog\4.8.0\camel-core-catalog-4.8.0.jar;C:\Users\mahmoudxyz\.m2\repository\com\fasterxml\jackson\dataformat\jackson-dataformat-yaml\2.17.2\jackson-dataformat-yaml-2.17.2.jar;C:\Users\mahmoudxyz\.m2\repository\org\yaml\snakeyaml\2.2\snakeyaml-2.2.jar;C:\Users\mahmoudxyz\.m2\repository\com\fasterxml\jackson\core\jackson-databind\2.15.2\jackson-databind-2.15.2.jar;C:\Users\mahmoudxyz\.m2\repository\com\fasterxml\jackson\core\jackson-annotations\2.15.2\jackson-annotations-2.15.2.jar;C:\Users\mahmoudxyz\.m2\repository\com\fasterxml\jackson\core\jackson-core\2.15.2\jackson-core-2.15.2.jar;C:\Users\mahmoudxyz\.m2\repository\org\slf4j\slf4j-api\2.0.9\slf4j-api-2.0.9.jar;C:\Users\mahmoudxyz\.m2\repository\org\junit\jupiter\junit-jupiter-api\5.10.0\junit-jupiter-api-5.10.0.jar;C:\Users\mahmoudxyz\.m2\repository\org\opentest4j\opentest4j\1.3.0\opentest4j-1.3.0.jar;C:\Users\mahmoudxyz\.m2\repository\org\junit\platform\junit-platform-commons\1.10.0\junit-platform-commons-1.10.0.jar;C:\Users\mahmoudxyz\.m2\repository\org\apiguardian\apiguardian-api\1.1.2\apiguardian-api-1.1.2.jar;C:\Users\mahmoudxyz\.m2\repository\org\junit\jupiter\junit-jupiter-engine\5.10.0\junit-jupiter-engine-5.10.0.jar;C:\Users\mahmoudxyz\.m2\repository\org\junit\platform\junit-platform-engine\1.10.0\junit-platform-engine-1.10.0.jar;C:\Users\mahmoudxyz\.m2\repository\org\mockito\mockito-core\5.6.0\mockito-core-5.6.0.jar;C:\Users\mahmoudxyz\.m2\repository\net\bytebuddy\byte-buddy\1.14.8\byte-buddy-1.14.8.jar;C:\Users\mahmoudxyz\.m2\repository\net\bytebuddy\byte-buddy-agent\1.14.8\byte-buddy-agent-1.14.8.jar;C:\Users\mahmoudxyz\.m2\repository\org\objenesis\objenesis\3.3\objenesis-3.3.jar;C:\Users\mahmoudxyz\.m2\repository\org\mockito\mockito-junit-jupiter\5.6.0\mockito-junit-jupiter-5.6.0.jar;C:\Users\mahmoudxyz\.m2\repository\ch\qos\logback\logback-classic\1.5.8\logback-classic-1.5.8.jar;C:\Users\mahmoudxyz\.m2\repository\ch\qos\logback\logback-core\1.5.8\logback-core-1.5.8.jar;C:\Users\mahmoudxyz\.m2\repository\org\apache\camel\camel-test-junit5\4.8.0\camel-test-junit5-4.8.0.jar;C:\Users\mahmoudxyz\.m2\repository\org\junit\jupiter\junit-jupiter-params\5.11.0\junit-jupiter-params-5.11.0.jar;"/>
    <property name="java.vm.vendor" value="Oracle Corporation"/>
    <property name="sun.arch.data.model" value="64"/>
    <property name="user.variant" value=""/>
    <property name="java.vendor.url" value="https://java.oracle.com/"/>
    <property name="user.timezone" value="Africa/Cairo"/>
    <property name="os.name" value="Windows 11"/>
    <property name="java.vm.specification.version" value="22"/>
    <property name="sun.java.launcher" value="SUN_STANDARD"/>
    <property name="user.country" value="US"/>
    <property name="sun.boot.library.path" value="C:\Program Files\Java\jdk-22\bin"/>
    <property name="sun.java.command" value="C:\Users\mahmoudxyz\AppData\Local\Temp\surefire15799378305776145993\surefirebooter-20250123054752863_3.jar C:\Users\mahmoudxyz\AppData\Local\Temp\surefire15799378305776145993 2025-01-23T05-47-52_706-jvmRun1 surefire-20250123054752863_1tmp surefire_0-20250123054752863_2tmp"/>
    <property name="jdk.debug" value="release"/>
    <property name="surefire.test.class.path" value="C:\Users\mahmoudxyz\Desktop\n2n-camel-components\camel-pythonN2N\target\test-classes;C:\Users\mahmoudxyz\Desktop\n2n-camel-components\camel-pythonN2N\target\classes;C:\Users\mahmoudxyz\.m2\repository\org\apache\camel\camel-support\4.8.0\camel-support-4.8.0.jar;C:\Users\mahmoudxyz\.m2\repository\org\apache\camel\camel-api\4.8.0\camel-api-4.8.0.jar;C:\Users\mahmoudxyz\.m2\repository\jakarta\xml\bind\jakarta.xml.bind-api\4.0.2\jakarta.xml.bind-api-4.0.2.jar;C:\Users\mahmoudxyz\.m2\repository\jakarta\activation\jakarta.activation-api\2.1.3\jakarta.activation-api-2.1.3.jar;C:\Users\mahmoudxyz\.m2\repository\org\apache\camel\camel-management-api\4.8.0\camel-management-api-4.8.0.jar;C:\Users\mahmoudxyz\.m2\repository\org\apache\camel\camel-util\4.8.0\camel-util-4.8.0.jar;C:\Users\mahmoudxyz\.m2\repository\org\apache\camel\camel-util-json\4.8.0\camel-util-json-4.8.0.jar;C:\Users\mahmoudxyz\.m2\repository\org\apache\camel\camel-xml-jaxp-util\4.8.0\camel-xml-jaxp-util-4.8.0.jar;C:\Users\mahmoudxyz\.m2\repository\org\apache\camel\camel-core\4.8.0\camel-core-4.8.0.jar;C:\Users\mahmoudxyz\.m2\repository\org\apache\camel\camel-core-engine\4.8.0\camel-core-engine-4.8.0.jar;C:\Users\mahmoudxyz\.m2\repository\org\apache\camel\camel-base-engine\4.8.0\camel-base-engine-4.8.0.jar;C:\Users\mahmoudxyz\.m2\repository\org\apache\camel\camel-base\4.8.0\camel-base-4.8.0.jar;C:\Users\mahmoudxyz\.m2\repository\org\apache\camel\camel-core-reifier\4.8.0\camel-core-reifier-4.8.0.jar;C:\Users\mahmoudxyz\.m2\repository\org\apache\camel\camel-core-processor\4.8.0\camel-core-processor-4.8.0.jar;C:\Users\mahmoudxyz\.m2\repository\org\apache\camel\camel-core-languages\4.8.0\camel-core-languages-4.8.0.jar;C:\Users\mahmoudxyz\.m2\repository\org\apache\camel\camel-core-model\4.8.0\camel-core-model-4.8.0.jar;C:\Users\mahmoudxyz\.m2\repository\org\apache\camel\camel-bean\4.8.0\camel-bean-4.8.0.jar;C:\Users\mahmoudxyz\.m2\repository\org\apache\camel\camel-browse\4.8.0\camel-browse-4.8.0.jar;C:\Users\mahmoudxyz\.m2\repository\org\apache\camel\camel-cluster\4.8.0\camel-cluster-4.8.0.jar;C:\Users\mahmoudxyz\.m2\repository\org\apache\camel\camel-controlbus\4.8.0\camel-controlbus-4.8.0.jar;C:\Users\mahmoudxyz\.m2\repository\org\apache\camel\camel-dataformat\4.8.0\camel-dataformat-4.8.0.jar;C:\Users\mahmoudxyz\.m2\repository\org\apache\camel\camel-dataset\4.8.0\camel-dataset-4.8.0.jar;C:\Users\mahmoudxyz\.m2\repository\org\apache\camel\camel-direct\4.8.0\camel-direct-4.8.0.jar;C:\Users\mahmoudxyz\.m2\repository\org\apache\camel\camel-file\4.8.0\camel-file-4.8.0.jar;C:\Users\mahmoudxyz\.m2\repository\commons-codec\commons-codec\1.17.1\commons-codec-1.17.1.jar;C:\Users\mahmoudxyz\.m2\repository\org\apache\camel\camel-health\4.8.0\camel-health-4.8.0.jar;C:\Users\mahmoudxyz\.m2\repository\org\apache\camel\camel-language\4.8.0\camel-language-4.8.0.jar;C:\Users\mahmoudxyz\.m2\repository\org\apache\camel\camel-log\4.8.0\camel-log-4.8.0.jar;C:\Users\mahmoudxyz\.m2\repository\org\apache\camel\camel-mock\4.8.0\camel-mock-4.8.0.jar;C:\Users\mahmoudxyz\.m2\repository\org\apache\camel\camel-ref\4.8.0\camel-ref-4.8.0.jar;C:\Users\mahmoudxyz\.m2\repository\org\apache\camel\camel-rest\4.8.0\camel-rest-4.8.0.jar;C:\Users\mahmoudxyz\.m2\repository\org\apache\camel\camel-tooling-model\4.8.0\camel-tooling-model-4.8.0.jar;C:\Users\mahmoudxyz\.m2\repository\org\apache\camel\camel-saga\4.8.0\camel-saga-4.8.0.jar;C:\Users\mahmoudxyz\.m2\repository\org\apache\camel\camel-scheduler\4.8.0\camel-scheduler-4.8.0.jar;C:\Users\mahmoudxyz\.m2\repository\org\apache\camel\camel-seda\4.8.0\camel-seda-4.8.0.jar;C:\Users\mahmoudxyz\.m2\repository\org\apache\camel\camel-stub\4.8.0\camel-stub-4.8.0.jar;C:\Users\mahmoudxyz\.m2\repository\org\apache\camel\camel-timer\4.8.0\camel-timer-4.8.0.jar;C:\Users\mahmoudxyz\.m2\repository\org\apache\camel\camel-validator\4.8.0\camel-validator-4.8.0.jar;C:\Users\mahmoudxyz\.m2\repository\org\apache\camel\camel-xpath\4.8.0\camel-xpath-4.8.0.jar;C:\Users\mahmoudxyz\.m2\repository\org\apache\camel\camel-xslt\4.8.0\camel-xslt-4.8.0.jar;C:\Users\mahmoudxyz\.m2\repository\org\apache\camel\camel-xml-io\4.8.0\camel-xml-io-4.8.0.jar;C:\Users\mahmoudxyz\.m2\repository\org\apache\camel\camel-xml-io-util\4.8.0\camel-xml-io-util-4.8.0.jar;C:\Users\mahmoudxyz\.m2\repository\org\apache\camel\camel-xml-jaxb\4.8.0\camel-xml-jaxb-4.8.0.jar;C:\Users\mahmoudxyz\.m2\repository\org\glassfish\jaxb\jaxb-runtime\4.0.5\jaxb-runtime-4.0.5.jar;C:\Users\mahmoudxyz\.m2\repository\org\glassfish\jaxb\jaxb-core\4.0.5\jaxb-core-4.0.5.jar;C:\Users\mahmoudxyz\.m2\repository\org\eclipse\angus\angus-activation\2.0.2\angus-activation-2.0.2.jar;C:\Users\mahmoudxyz\.m2\repository\org\glassfish\jaxb\txw2\4.0.5\txw2-4.0.5.jar;C:\Users\mahmoudxyz\.m2\repository\com\sun\istack\istack-commons-runtime\4.1.2\istack-commons-runtime-4.1.2.jar;C:\Users\mahmoudxyz\.m2\repository\org\apache\camel\camel-xml-jaxp\4.8.0\camel-xml-jaxp-4.8.0.jar;C:\Users\mahmoudxyz\.m2\repository\org\apache\camel\camel-yaml-io\4.8.0\camel-yaml-io-4.8.0.jar;C:\Users\mahmoudxyz\.m2\repository\org\apache\camel\camel-core-catalog\4.8.0\camel-core-catalog-4.8.0.jar;C:\Users\mahmoudxyz\.m2\repository\com\fasterxml\jackson\dataformat\jackson-dataformat-yaml\2.17.2\jackson-dataformat-yaml-2.17.2.jar;C:\Users\mahmoudxyz\.m2\repository\org\yaml\snakeyaml\2.2\snakeyaml-2.2.jar;C:\Users\mahmoudxyz\.m2\repository\com\fasterxml\jackson\core\jackson-databind\2.15.2\jackson-databind-2.15.2.jar;C:\Users\mahmoudxyz\.m2\repository\com\fasterxml\jackson\core\jackson-annotations\2.15.2\jackson-annotations-2.15.2.jar;C:\Users\mahmoudxyz\.m2\repository\com\fasterxml\jackson\core\jackson-core\2.15.2\jackson-core-2.15.2.jar;C:\Users\mahmoudxyz\.m2\repository\org\slf4j\slf4j-api\2.0.9\slf4j-api-2.0.9.jar;C:\Users\mahmoudxyz\.m2\repository\org\junit\jupiter\junit-jupiter-api\5.10.0\junit-jupiter-api-5.10.0.jar;C:\Users\mahmoudxyz\.m2\repository\org\opentest4j\opentest4j\1.3.0\opentest4j-1.3.0.jar;C:\Users\mahmoudxyz\.m2\repository\org\junit\platform\junit-platform-commons\1.10.0\junit-platform-commons-1.10.0.jar;C:\Users\mahmoudxyz\.m2\repository\org\apiguardian\apiguardian-api\1.1.2\apiguardian-api-1.1.2.jar;C:\Users\mahmoudxyz\.m2\repository\org\junit\jupiter\junit-jupiter-engine\5.10.0\junit-jupiter-engine-5.10.0.jar;C:\Users\mahmoudxyz\.m2\repository\org\junit\platform\junit-platform-engine\1.10.0\junit-platform-engine-1.10.0.jar;C:\Users\mahmoudxyz\.m2\repository\org\mockito\mockito-core\5.6.0\mockito-core-5.6.0.jar;C:\Users\mahmoudxyz\.m2\repository\net\bytebuddy\byte-buddy\1.14.8\byte-buddy-1.14.8.jar;C:\Users\mahmoudxyz\.m2\repository\net\bytebuddy\byte-buddy-agent\1.14.8\byte-buddy-agent-1.14.8.jar;C:\Users\mahmoudxyz\.m2\repository\org\objenesis\objenesis\3.3\objenesis-3.3.jar;C:\Users\mahmoudxyz\.m2\repository\org\mockito\mockito-junit-jupiter\5.6.0\mockito-junit-jupiter-5.6.0.jar;C:\Users\mahmoudxyz\.m2\repository\ch\qos\logback\logback-classic\1.5.8\logback-classic-1.5.8.jar;C:\Users\mahmoudxyz\.m2\repository\ch\qos\logback\logback-core\1.5.8\logback-core-1.5.8.jar;C:\Users\mahmoudxyz\.m2\repository\org\apache\camel\camel-test-junit5\4.8.0\camel-test-junit5-4.8.0.jar;C:\Users\mahmoudxyz\.m2\repository\org\junit\jupiter\junit-jupiter-params\5.11.0\junit-jupiter-params-5.11.0.jar;"/>
    <property name="sun.cpu.endian" value="little"/>
    <property name="user.home" value="C:\Users\mahmoudxyz"/>
    <property name="user.language" value="en"/>
    <property name="java.specification.vendor" value="Oracle Corporation"/>
    <property name="java.version.date" value="2024-04-16"/>
    <property name="java.home" value="C:\Program Files\Java\jdk-22"/>
    <property name="file.separator" value="\"/>
    <property name="basedir" value="C:\Users\mahmoudxyz\Desktop\n2n-camel-components\camel-pythonN2N"/>
    <property name="java.vm.compressedOopsMode" value="32-bit"/>
    <property name="line.separator" value="&#10;"/>
    <property name="java.vm.specification.vendor" value="Oracle Corporation"/>
    <property name="java.specification.name" value="Java Platform API Specification"/>
    <property name="surefire.real.class.path" value="C:\Users\mahmoudxyz\AppData\Local\Temp\surefire15799378305776145993\surefirebooter-20250123054752863_3.jar"/>
    <property name="user.script" value=""/>
    <property name="sun.management.compiler" value="HotSpot 64-Bit Tiered Compilers"/>
    <property name="java.runtime.version" value="22.0.1+8-16"/>
    <property name="user.name" value="mahmoudxyz"/>
    <property name="stdout.encoding" value="Cp1252"/>
    <property name="path.separator" value=";"/>
    <property name="os.version" value="10.0"/>
    <property name="java.runtime.name" value="Java(TM) SE Runtime Environment"/>
    <property name="file.encoding" value="UTF-8"/>
    <property name="java.vm.name" value="Java HotSpot(TM) 64-Bit Server VM"/>
    <property name="localRepository" value="C:\Users\mahmoudxyz\.m2\repository"/>
    <property name="java.vendor.url.bug" value="https://bugreport.java.com/bugreport/"/>
    <property name="java.io.tmpdir" value="C:\Users\MAHMOU~1\AppData\Local\Temp\"/>
    <property name="java.version" value="22.0.1"/>
    <property name="user.dir" value="C:\Users\mahmoudxyz\Desktop\n2n-camel-components\camel-pythonN2N"/>
    <property name="os.arch" value="amd64"/>
    <property name="java.vm.specification.name" value="Java Virtual Machine Specification"/>
    <property name="sun.os.patch.level" value=""/>
    <property name="native.encoding" value="Cp1252"/>
    <property name="java.library.path" value="C:\Program Files\Java\jdk-22\bin;C:\WINDOWS\Sun\Java\bin;C:\WINDOWS\system32;C:\WINDOWS;C:\Program Files\Common Files\Oracle\Java\javapath;C:\WINDOWS\system32;C:\WINDOWS;C:\WINDOWS\System32\Wbem;C:\WINDOWS\System32\WindowsPowerShell\v1.0\;C:\WINDOWS\System32\OpenSSH\;C:\Program Files\nodejs\;C:\Program Files\Git\cmd;C:\Users\mahmoudxyz\Documents\apache-maven-3.9.8\bin;C:\Program Files\Docker\Docker\resources\bin;C:\Program Files\ibm\gsk8\lib64;C:\Program Files (x86)\ibm\gsk8\lib;C:\PROGRA~1\IBM\SQLLIB~1\BIN;C:\PROGRA~1\IBM\SQLLIB~1\FUNCTION;C:\PROGRA~1\IBM\SQLLIB~1\SAMPLES\REPL;C:\minikube;C:\Program Files (x86)\Gpg4win\..\GnuPG\bin;C:\Program Files\PowerShell\7\;C:\Users\mahmoudxyz\AppData\Local\pnpm;C:\Program Files\MySQL\MySQL Shell 8.0\bin\;C:\Users\mahmoudxyz\AppData\Local\Microsoft\WindowsApps;C:\Users\mahmoudxyz\AppData\Local\Programs\Microsoft VS Code\bin;C:\Users\mahmoudxyz\AppData\Local\Microsoft\WinGet\Packages\Schniz.fnm_Microsoft.Winget.Source_8wekyb3d8bbwe;C:\Users\mahmoudxyz\AppData\Roaming\npm;C:\Program Files\JetBrains\IntelliJ IDEA 2024.1.3\bin;C:\Users\mahmoudxyz\AppData\Local\Coursier\data\bin;C:\Users\mahmoudxyz\.nixpacks\bin;C:\Users\mahmoudxyz\Documents\pack-v0.35.0-windows;C:\Program Files\PostgreSQL\16\bin;C:\Program Files\PostgreSQL\16\lib;C:\Users\mahmoudxyz\Documents\apache-maven-3.9.8\bin;C:\Program Files\kubectl;;."/>
    <property name="java.vm.info" value="mixed mode, sharing"/>
    <property name="stderr.encoding" value="Cp1252"/>
    <property name="java.vendor" value="Oracle Corporation"/>
    <property name="java.vm.version" value="22.0.1+8-16"/>
    <property name="sun.io.unicode.encoding" value="UnicodeLittle"/>
    <property name="java.class.version" value="66.0"/>
  </properties>
  <testcase name="testExchangeHeadersAndProperties" classname="com.n2nlab.camel.python.PythonN2NComplexScenariosTest" time="1.883">
    <system-out><![CDATA[05:47:54.537 [main] INFO  o.a.c.i.engine.AbstractCamelContext - Apache Camel 4.8.0 (camel-1) is starting
05:47:55.546 [main] INFO  o.a.c.i.engine.AbstractCamelContext - Routes startup (total:4)
05:47:55.546 [main] INFO  o.a.c.i.engine.AbstractCamelContext -     Started route1 (direct://complex)
05:47:55.546 [main] INFO  o.a.c.i.engine.AbstractCamelContext -     Started route2 (direct://headers)
05:47:55.546 [main] INFO  o.a.c.i.engine.AbstractCamelContext -     Started route3 (direct://templates)
05:47:55.546 [main] INFO  o.a.c.i.engine.AbstractCamelContext -     Started route4 (direct://debug)
05:47:55.546 [main] INFO  o.a.c.i.engine.AbstractCamelContext - Apache Camel 4.8.0 (camel-1) started in 999ms (build:0ms init:0ms start:999ms)
05:47:55.548 [main] INFO  o.a.c.t.junit5.util.ExtensionHelper - ********************************************************************************
05:47:55.548 [main] INFO  o.a.c.t.junit5.util.ExtensionHelper - Testing: Should handle exchange headers and properties (com.n2nlab.camel.python.PythonN2NComplexScenariosTest)
05:47:55.548 [main] INFO  o.a.c.t.junit5.util.ExtensionHelper - ********************************************************************************
05:47:55.889 [main] INFO  o.a.c.i.engine.AbstractCamelContext - Apache Camel 4.8.0 (camel-1) is shutting down (timeout:10s)
05:47:55.903 [main] INFO  o.a.c.i.engine.AbstractCamelContext - Routes stopped (total:4)
05:47:55.903 [main] INFO  o.a.c.i.engine.AbstractCamelContext -     Stopped route4 (direct://debug)
05:47:55.903 [main] INFO  o.a.c.i.engine.AbstractCamelContext -     Stopped route3 (direct://templates)
05:47:55.903 [main] INFO  o.a.c.i.engine.AbstractCamelContext -     Stopped route2 (direct://headers)
05:47:55.903 [main] INFO  o.a.c.i.engine.AbstractCamelContext -     Stopped route1 (direct://complex)
05:47:55.906 [main] INFO  o.a.c.i.engine.AbstractCamelContext - Apache Camel 4.8.0 (camel-1) shutdown in 17ms (uptime:1s)
05:47:55.907 [main] INFO  o.a.c.t.junit5.util.ExtensionHelper - ********************************************************************************
05:47:55.907 [main] INFO  o.a.c.t.junit5.util.ExtensionHelper - Testing done: testExchangeHeadersAndProperties (com.n2nlab.camel.python.PythonN2NComplexScenariosTest)
05:47:55.907 [main] INFO  o.a.c.t.junit5.util.ExtensionHelper - Took: 359ms (359 millis)
05:47:55.907 [main] INFO  o.a.c.t.junit5.util.ExtensionHelper - ********************************************************************************
]]></system-out>
  </testcase>
  <testcase name="testComplexDataStructures" classname="com.n2nlab.camel.python.PythonN2NComplexScenariosTest" time="1.033">
    <system-out><![CDATA[05:47:55.944 [main] INFO  o.a.c.i.engine.AbstractCamelContext - Apache Camel 4.8.0 (camel-2) is starting
05:47:56.778 [main] INFO  o.a.c.i.engine.AbstractCamelContext - Routes startup (total:4)
05:47:56.778 [main] INFO  o.a.c.i.engine.AbstractCamelContext -     Started route5 (direct://complex)
05:47:56.778 [main] INFO  o.a.c.i.engine.AbstractCamelContext -     Started route6 (direct://headers)
05:47:56.778 [main] INFO  o.a.c.i.engine.AbstractCamelContext -     Started route7 (direct://templates)
05:47:56.779 [main] INFO  o.a.c.i.engine.AbstractCamelContext -     Started route8 (direct://debug)
05:47:56.779 [main] INFO  o.a.c.i.engine.AbstractCamelContext - Apache Camel 4.8.0 (camel-2) started in 834ms (build:0ms init:0ms start:834ms)
05:47:56.779 [main] INFO  o.a.c.t.junit5.util.ExtensionHelper - ********************************************************************************
05:47:56.779 [main] INFO  o.a.c.t.junit5.util.ExtensionHelper - Testing: Should handle complex data structures (com.n2nlab.camel.python.PythonN2NComplexScenariosTest)
05:47:56.779 [main] INFO  o.a.c.t.junit5.util.ExtensionHelper - ********************************************************************************
05:47:56.947 [main] INFO  o.a.c.i.engine.AbstractCamelContext - Apache Camel 4.8.0 (camel-2) is shutting down (timeout:10s)
05:47:56.949 [main] INFO  o.a.c.i.engine.AbstractCamelContext - Routes stopped (total:4)
05:47:56.950 [main] INFO  o.a.c.i.engine.AbstractCamelContext -     Stopped route8 (direct://debug)
05:47:56.950 [main] INFO  o.a.c.i.engine.AbstractCamelContext -     Stopped route7 (direct://templates)
05:47:56.950 [main] INFO  o.a.c.i.engine.AbstractCamelContext -     Stopped route6 (direct://headers)
05:47:56.950 [main] INFO  o.a.c.i.engine.AbstractCamelContext -     Stopped route5 (direct://complex)
05:47:56.950 [main] INFO  o.a.c.i.engine.AbstractCamelContext - Apache Camel 4.8.0 (camel-2) shutdown in 3ms (uptime:1s)
05:47:56.950 [main] INFO  o.a.c.t.junit5.util.ExtensionHelper - ********************************************************************************
05:47:56.950 [main] INFO  o.a.c.t.junit5.util.ExtensionHelper - Testing done: testComplexDataStructures (com.n2nlab.camel.python.PythonN2NComplexScenariosTest)
05:47:56.950 [main] INFO  o.a.c.t.junit5.util.ExtensionHelper - Took: 171ms (171 millis)
05:47:56.951 [main] INFO  o.a.c.t.junit5.util.ExtensionHelper - ********************************************************************************
]]></system-out>
  </testcase>
</testsuite>